{"/Users/hub/Developer/exp-calc/src/exp-calc.ts": {"path":"/Users/hub/Developer/exp-calc/src/exp-calc.ts","statementMap":{"0":{"start":{"line":1,"column":0},"end":{"line":1,"column":119}},"1":{"start":{"line":2,"column":0},"end":{"line":2,"column":31}},"2":{"start":{"line":3,"column":0},"end":{"line":3,"column":29}},"3":{"start":{"line":8,"column":23},"end":{"line":43,"column":1}},"4":{"start":{"line":8,"column":37},"end":{"line":8,"column":null}},"5":{"start":{"line":9,"column":2},"end":{"line":14,"column":null}},"6":{"start":{"line":10,"column":4},"end":{"line":12,"column":null}},"7":{"start":{"line":11,"column":6},"end":{"line":11,"column":null}},"8":{"start":{"line":13,"column":4},"end":{"line":13,"column":null}},"9":{"start":{"line":16,"column":17},"end":{"line":16,"column":39}},"10":{"start":{"line":17,"column":10},"end":{"line":17,"column":11}},"11":{"start":{"line":18,"column":19},"end":{"line":18,"column":22}},"12":{"start":{"line":20,"column":2},"end":{"line":40,"column":null}},"13":{"start":{"line":21,"column":15},"end":{"line":21,"column":24}},"14":{"start":{"line":22,"column":16},"end":{"line":22,"column":59}},"15":{"start":{"line":23,"column":30},"end":{"line":23,"column":71}},"16":{"start":{"line":25,"column":4},"end":{"line":38,"column":null}},"17":{"start":{"line":26,"column":6},"end":{"line":26,"column":null}},"18":{"start":{"line":27,"column":11},"end":{"line":38,"column":null}},"19":{"start":{"line":28,"column":21},"end":{"line":28,"column":61}},"20":{"start":{"line":29,"column":27},"end":{"line":29,"column":45}},"21":{"start":{"line":30,"column":27},"end":{"line":30,"column":42}},"22":{"start":{"line":31,"column":6},"end":{"line":31,"column":null}},"23":{"start":{"line":32,"column":6},"end":{"line":32,"column":null}},"24":{"start":{"line":33,"column":6},"end":{"line":33,"column":null}},"25":{"start":{"line":34,"column":11},"end":{"line":38,"column":null}},"26":{"start":{"line":35,"column":18},"end":{"line":35,"column":72}},"27":{"start":{"line":35,"column":42},"end":{"line":35,"column":54}},"28":{"start":{"line":36,"column":6},"end":{"line":36,"column":null}},"29":{"start":{"line":37,"column":6},"end":{"line":37,"column":null}},"30":{"start":{"line":39,"column":4},"end":{"line":39,"column":null}},"31":{"start":{"line":42,"column":2},"end":{"line":42,"column":null}},"32":{"start":{"line":42,"column":37},"end":{"line":42,"column":50}},"33":{"start":{"line":8,"column":13},"end":{"line":8,"column":23}},"34":{"start":{"line":45,"column":0},"end":{"line":45,"column":null}}},"fnMap":{"0":{"name":"(anonymous_1)","decl":{"start":{"line":8,"column":23},"end":{"line":8,"column":24}},"loc":{"start":{"line":8,"column":47},"end":{"line":43,"column":1}}},"1":{"name":"(anonymous_2)","decl":{"start":{"line":35,"column":29},"end":{"line":35,"column":30}},"loc":{"start":{"line":35,"column":37},"end":{"line":35,"column":45}}},"2":{"name":"(anonymous_3)","decl":{"start":{"line":42,"column":23},"end":{"line":42,"column":24}},"loc":{"start":{"line":42,"column":32},"end":{"line":42,"column":40}}}},"branchMap":{"0":{"loc":{"start":{"line":8,"column":37},"end":{"line":8,"column":null}},"type":"if","locations":[{"start":{"line":8,"column":37},"end":{"line":8,"column":null}},{"start":{"line":8,"column":37},"end":{"line":8,"column":null}}]},"1":{"loc":{"start":{"line":9,"column":2},"end":{"line":14,"column":null}},"type":"if","locations":[{"start":{"line":9,"column":2},"end":{"line":14,"column":null}},{"start":{"line":9,"column":2},"end":{"line":14,"column":null}}]},"2":{"loc":{"start":{"line":10,"column":4},"end":{"line":12,"column":null}},"type":"if","locations":[{"start":{"line":10,"column":4},"end":{"line":12,"column":null}},{"start":{"line":10,"column":4},"end":{"line":12,"column":null}}]},"3":{"loc":{"start":{"line":23,"column":30},"end":{"line":23,"column":50}},"type":"binary-expr","locations":[{"start":{"line":23,"column":30},"end":{"line":23,"column":50}},{"start":{"line":23,"column":54},"end":{"line":23,"column":71}}]},"4":{"loc":{"start":{"line":25,"column":4},"end":{"line":38,"column":null}},"type":"if","locations":[{"start":{"line":25,"column":4},"end":{"line":38,"column":null}},{"start":{"line":25,"column":4},"end":{"line":38,"column":null}}]},"5":{"loc":{"start":{"line":27,"column":11},"end":{"line":38,"column":null}},"type":"if","locations":[{"start":{"line":27,"column":11},"end":{"line":38,"column":null}},{"start":{"line":27,"column":11},"end":{"line":38,"column":null}}]},"6":{"loc":{"start":{"line":34,"column":11},"end":{"line":38,"column":null}},"type":"if","locations":[{"start":{"line":34,"column":11},"end":{"line":38,"column":null}},{"start":{"line":34,"column":11},"end":{"line":38,"column":null}}]}},"s":{"0":1,"1":1,"2":1,"3":1,"4":60,"5":31,"6":3,"7":2,"8":1,"9":28,"10":28,"11":28,"12":28,"13":139,"14":139,"15":139,"16":139,"17":5,"18":134,"19":5,"20":5,"21":5,"22":5,"23":5,"24":5,"25":129,"26":14,"27":42,"28":14,"29":14,"30":139,"31":28,"32":86,"33":1,"34":1},"f":{"0":31,"1":42,"2":86},"b":{"0":[29,2],"1":[3,28],"2":[2,1],"3":[139,16],"4":[5,134],"5":[5,129],"6":[14,115]}}
,"/Users/hub/Developer/exp-calc/src/formula.ts": {"path":"/Users/hub/Developer/exp-calc/src/formula.ts","statementMap":{"0":{"start":{"line":1,"column":0},"end":{"line":1,"column":94}},"1":{"start":{"line":3,"column":0},"end":{"line":3,"column":null}},"2":{"start":{"line":8,"column":14},"end":{"line":8,"column":null}},"3":{"start":{"line":4,"column":2},"end":{"line":4,"column":null}},"4":{"start":{"line":5,"column":2},"end":{"line":5,"column":null}},"5":{"start":{"line":7,"column":2},"end":{"line":7,"column":null}},"6":{"start":{"line":9,"column":4},"end":{"line":9,"column":null}},"7":{"start":{"line":11,"column":2},"end":{"line":37,"column":null}},"8":{"start":{"line":12,"column":38},"end":{"line":12,"column":42}},"9":{"start":{"line":12,"column":17},"end":{"line":12,"column":19}},"10":{"start":{"line":12,"column":27},"end":{"line":12,"column":29}},"11":{"start":{"line":12,"column":33},"end":{"line":12,"column":38}},"12":{"start":{"line":15,"column":4},"end":{"line":35,"column":null}},"13":{"start":{"line":16,"column":6},"end":{"line":16,"column":null}},"14":{"start":{"line":17,"column":6},"end":{"line":17,"column":null}},"15":{"start":{"line":20,"column":9},"end":{"line":35,"column":null}},"16":{"start":{"line":21,"column":6},"end":{"line":31,"column":null}},"17":{"start":{"line":22,"column":8},"end":{"line":22,"column":null}},"18":{"start":{"line":23,"column":8},"end":{"line":23,"column":null}},"19":{"start":{"line":25,"column":19},"end":{"line":25,"column":34}},"20":{"start":{"line":26,"column":27},"end":{"line":26,"column":42}},"21":{"start":{"line":27,"column":21},"end":{"line":27,"column":67}},"22":{"start":{"line":28,"column":8},"end":{"line":28,"column":null}},"23":{"start":{"line":29,"column":8},"end":{"line":29,"column":null}},"24":{"start":{"line":30,"column":8},"end":{"line":30,"column":null}},"25":{"start":{"line":32,"column":6},"end":{"line":32,"column":null}},"26":{"start":{"line":34,"column":6},"end":{"line":34,"column":null}},"27":{"start":{"line":36,"column":4},"end":{"line":36,"column":null}},"28":{"start":{"line":38,"column":2},"end":{"line":40,"column":null}},"29":{"start":{"line":39,"column":4},"end":{"line":39,"column":null}},"30":{"start":{"line":41,"column":2},"end":{"line":43,"column":null}},"31":{"start":{"line":42,"column":4},"end":{"line":42,"column":null}},"32":{"start":{"line":44,"column":0},"end":{"line":44,"column":null}}},"fnMap":{"0":{"name":"(anonymous_0)","decl":{"start":{"line":3,"column":0},"end":{"line":3,"column":null}},"loc":{"start":{"line":3,"column":0},"end":{"line":44,"column":null}}},"1":{"name":"Formula","decl":{"start":{"line":8,"column":2},"end":{"line":8,"column":14}},"loc":{"start":{"line":8,"column":24},"end":{"line":10,"column":3}}},"2":{"name":"(anonymous_2)","decl":{"start":{"line":11,"column":2},"end":{"line":11,"column":4}},"loc":{"start":{"line":11,"column":27},"end":{"line":37,"column":3}}},"3":{"name":"(anonymous_3)","decl":{"start":{"line":38,"column":2},"end":{"line":38,"column":10}},"loc":{"start":{"line":38,"column":2},"end":{"line":40,"column":3}}},"4":{"name":"(anonymous_4)","decl":{"start":{"line":41,"column":2},"end":{"line":41,"column":9}},"loc":{"start":{"line":41,"column":2},"end":{"line":43,"column":3}}}},"branchMap":{"0":{"loc":{"start":{"line":8,"column":14},"end":{"line":8,"column":null}},"type":"if","locations":[{"start":{"line":8,"column":14},"end":{"line":8,"column":null}},{"start":{"line":8,"column":14},"end":{"line":8,"column":null}}]},"1":{"loc":{"start":{"line":15,"column":4},"end":{"line":35,"column":null}},"type":"if","locations":[{"start":{"line":15,"column":4},"end":{"line":35,"column":null}},{"start":{"line":15,"column":4},"end":{"line":35,"column":null}}]},"2":{"loc":{"start":{"line":20,"column":9},"end":{"line":35,"column":null}},"type":"if","locations":[{"start":{"line":20,"column":9},"end":{"line":35,"column":null}},{"start":{"line":20,"column":9},"end":{"line":35,"column":null}}]},"3":{"loc":{"start":{"line":21,"column":6},"end":{"line":31,"column":null}},"type":"if","locations":[{"start":{"line":21,"column":6},"end":{"line":31,"column":null}},{"start":{"line":21,"column":6},"end":{"line":31,"column":null}}]},"4":{"loc":{"start":{"line":27,"column":46},"end":{"line":27,"column":60}},"type":"cond-expr","locations":[{"start":{"line":27,"column":46},"end":{"line":27,"column":60}},{"start":{"line":27,"column":63},"end":{"line":27,"column":67}}]}},"s":{"0":2,"1":2,"2":54,"3":48,"4":48,"5":48,"6":48,"7":2,"8":161,"9":161,"10":161,"11":161,"12":161,"13":52,"14":52,"15":109,"16":103,"17":54,"18":54,"19":49,"20":49,"21":49,"22":49,"23":49,"24":49,"25":103,"26":6,"27":52,"28":2,"29":1,"30":2,"31":1,"32":2},"f":{"0":2,"1":48,"2":161,"3":1,"4":1},"b":{"0":[6,42],"1":[52,109],"2":[103,6],"3":[54,49],"4":[18,31]}}
,"/Users/hub/Developer/exp-calc/src/helper.ts": {"path":"/Users/hub/Developer/exp-calc/src/helper.ts","statementMap":{"0":{"start":{"line":6,"column":25},"end":{"line":24,"column":1}},"1":{"start":{"line":6,"column":41},"end":{"line":6,"column":null}},"2":{"start":{"line":7,"column":20},"end":{"line":7,"column":32}},"3":{"start":{"line":8,"column":2},"end":{"line":8,"column":null}},"4":{"start":{"line":8,"column":24},"end":{"line":8,"column":null}},"5":{"start":{"line":10,"column":17},"end":{"line":10,"column":18}},"6":{"start":{"line":11,"column":16},"end":{"line":14,"column":4}},"7":{"start":{"line":12,"column":4},"end":{"line":12,"column":null}},"8":{"start":{"line":13,"column":4},"end":{"line":13,"column":null}},"9":{"start":{"line":15,"column":17},"end":{"line":15,"column":30}},"10":{"start":{"line":17,"column":2},"end":{"line":19,"column":null}},"11":{"start":{"line":18,"column":4},"end":{"line":18,"column":null}},"12":{"start":{"line":20,"column":2},"end":{"line":22,"column":null}},"13":{"start":{"line":21,"column":4},"end":{"line":21,"column":null}},"14":{"start":{"line":23,"column":2},"end":{"line":23,"column":null}},"15":{"start":{"line":6,"column":13},"end":{"line":6,"column":25}},"16":{"start":{"line":28,"column":24},"end":{"line":28,"column":69}},"17":{"start":{"line":28,"column":39},"end":{"line":28,"column":63}},"18":{"start":{"line":28,"column":63},"end":{"line":28,"column":null}},"19":{"start":{"line":28,"column":13},"end":{"line":28,"column":24}},"20":{"start":{"line":30,"column":24},"end":{"line":30,"column":60}},"21":{"start":{"line":30,"column":53},"end":{"line":30,"column":null}},"22":{"start":{"line":30,"column":13},"end":{"line":30,"column":24}},"23":{"start":{"line":31,"column":24},"end":{"line":31,"column":60}},"24":{"start":{"line":31,"column":53},"end":{"line":31,"column":null}},"25":{"start":{"line":31,"column":13},"end":{"line":31,"column":24}},"26":{"start":{"line":32,"column":23},"end":{"line":33,"column":10}},"27":{"start":{"line":33,"column":2},"end":{"line":33,"column":null}},"28":{"start":{"line":32,"column":13},"end":{"line":32,"column":23}},"29":{"start":{"line":34,"column":19},"end":{"line":34,"column":54}},"30":{"start":{"line":34,"column":53},"end":{"line":34,"column":null}},"31":{"start":{"line":34,"column":13},"end":{"line":34,"column":19}},"32":{"start":{"line":35,"column":27},"end":{"line":35,"column":62}},"33":{"start":{"line":35,"column":61},"end":{"line":35,"column":null}},"34":{"start":{"line":35,"column":13},"end":{"line":35,"column":27}},"35":{"start":{"line":36,"column":30},"end":{"line":36,"column":65}},"36":{"start":{"line":36,"column":64},"end":{"line":36,"column":null}},"37":{"start":{"line":36,"column":13},"end":{"line":36,"column":30}},"38":{"start":{"line":37,"column":24},"end":{"line":37,"column":59}},"39":{"start":{"line":37,"column":58},"end":{"line":37,"column":null}},"40":{"start":{"line":37,"column":13},"end":{"line":37,"column":24}},"41":{"start":{"line":38,"column":23},"end":{"line":38,"column":55}},"42":{"start":{"line":38,"column":54},"end":{"line":38,"column":null}},"43":{"start":{"line":38,"column":13},"end":{"line":38,"column":23}},"44":{"start":{"line":40,"column":13},"end":{"line":45,"column":null}},"45":{"start":{"line":48,"column":18},"end":{"line":48,"column":36}},"46":{"start":{"line":49,"column":26},"end":{"line":49,"column":63}},"47":{"start":{"line":49,"column":55},"end":{"line":49,"column":null}},"48":{"start":{"line":49,"column":13},"end":{"line":49,"column":26}},"49":{"start":{"line":50,"column":27},"end":{"line":50,"column":60}},"50":{"start":{"line":50,"column":52},"end":{"line":50,"column":null}},"51":{"start":{"line":50,"column":13},"end":{"line":50,"column":27}},"52":{"start":{"line":52,"column":20},"end":{"line":52,"column":30}},"53":{"start":{"line":53,"column":28},"end":{"line":53,"column":60}},"54":{"start":{"line":53,"column":52},"end":{"line":53,"column":null}},"55":{"start":{"line":53,"column":13},"end":{"line":53,"column":28}},"56":{"start":{"line":55,"column":17},"end":{"line":55,"column":27}},"57":{"start":{"line":56,"column":30},"end":{"line":56,"column":62}},"58":{"start":{"line":56,"column":54},"end":{"line":56,"column":null}},"59":{"start":{"line":56,"column":13},"end":{"line":56,"column":30}},"60":{"start":{"line":57,"column":28},"end":{"line":57,"column":60}},"61":{"start":{"line":57,"column":52},"end":{"line":57,"column":null}},"62":{"start":{"line":57,"column":13},"end":{"line":57,"column":28}},"63":{"start":{"line":58,"column":25},"end":{"line":58,"column":57}},"64":{"start":{"line":58,"column":49},"end":{"line":58,"column":null}},"65":{"start":{"line":58,"column":13},"end":{"line":58,"column":25}},"66":{"start":{"line":60,"column":25},"end":{"line":61,"column":12}},"67":{"start":{"line":61,"column":2},"end":{"line":61,"column":null}},"68":{"start":{"line":60,"column":13},"end":{"line":60,"column":25}}},"fnMap":{"0":{"name":"(anonymous_0)","decl":{"start":{"line":6,"column":25},"end":{"line":6,"column":26}},"loc":{"start":{"line":6,"column":52},"end":{"line":24,"column":1}}},"1":{"name":"(anonymous_1)","decl":{"start":{"line":11,"column":41},"end":{"line":11,"column":42}},"loc":{"start":{"line":11,"column":53},"end":{"line":14,"column":3}}},"2":{"name":"(anonymous_2)","decl":{"start":{"line":28,"column":24},"end":{"line":28,"column":25}},"loc":{"start":{"line":28,"column":50},"end":{"line":28,"column":69}}},"3":{"name":"(anonymous_3)","decl":{"start":{"line":30,"column":24},"end":{"line":30,"column":25}},"loc":{"start":{"line":30,"column":35},"end":{"line":30,"column":60}}},"4":{"name":"(anonymous_4)","decl":{"start":{"line":31,"column":24},"end":{"line":31,"column":25}},"loc":{"start":{"line":31,"column":35},"end":{"line":31,"column":60}}},"5":{"name":"(anonymous_5)","decl":{"start":{"line":32,"column":23},"end":{"line":32,"column":24}},"loc":{"start":{"line":32,"column":34},"end":{"line":33,"column":10}}},"6":{"name":"(anonymous_6)","decl":{"start":{"line":34,"column":19},"end":{"line":34,"column":20}},"loc":{"start":{"line":34,"column":40},"end":{"line":34,"column":54}}},"7":{"name":"(anonymous_7)","decl":{"start":{"line":35,"column":27},"end":{"line":35,"column":28}},"loc":{"start":{"line":35,"column":48},"end":{"line":35,"column":62}}},"8":{"name":"(anonymous_8)","decl":{"start":{"line":36,"column":30},"end":{"line":36,"column":31}},"loc":{"start":{"line":36,"column":51},"end":{"line":36,"column":65}}},"9":{"name":"(anonymous_9)","decl":{"start":{"line":37,"column":24},"end":{"line":37,"column":25}},"loc":{"start":{"line":37,"column":45},"end":{"line":37,"column":59}}},"10":{"name":"(anonymous_10)","decl":{"start":{"line":38,"column":23},"end":{"line":38,"column":24}},"loc":{"start":{"line":38,"column":41},"end":{"line":38,"column":55}}},"11":{"name":"(anonymous_11)","decl":{"start":{"line":49,"column":26},"end":{"line":49,"column":27}},"loc":{"start":{"line":49,"column":35},"end":{"line":49,"column":63}}},"12":{"name":"(anonymous_12)","decl":{"start":{"line":50,"column":27},"end":{"line":50,"column":28}},"loc":{"start":{"line":50,"column":38},"end":{"line":50,"column":60}}},"13":{"name":"(anonymous_13)","decl":{"start":{"line":53,"column":28},"end":{"line":53,"column":29}},"loc":{"start":{"line":53,"column":38},"end":{"line":53,"column":60}}},"14":{"name":"(anonymous_14)","decl":{"start":{"line":56,"column":30},"end":{"line":56,"column":31}},"loc":{"start":{"line":56,"column":40},"end":{"line":56,"column":62}}},"15":{"name":"(anonymous_15)","decl":{"start":{"line":57,"column":28},"end":{"line":57,"column":29}},"loc":{"start":{"line":57,"column":38},"end":{"line":57,"column":60}}},"16":{"name":"(anonymous_16)","decl":{"start":{"line":58,"column":25},"end":{"line":58,"column":26}},"loc":{"start":{"line":58,"column":35},"end":{"line":58,"column":57}}},"17":{"name":"(anonymous_17)","decl":{"start":{"line":60,"column":25},"end":{"line":60,"column":26}},"loc":{"start":{"line":60,"column":60},"end":{"line":61,"column":12}}}},"branchMap":{"0":{"loc":{"start":{"line":6,"column":41},"end":{"line":6,"column":null}},"type":"if","locations":[{"start":{"line":6,"column":41},"end":{"line":6,"column":null}},{"start":{"line":6,"column":41},"end":{"line":6,"column":null}}]},"1":{"loc":{"start":{"line":8,"column":2},"end":{"line":8,"column":null}},"type":"if","locations":[{"start":{"line":8,"column":2},"end":{"line":8,"column":null}},{"start":{"line":8,"column":2},"end":{"line":8,"column":null}}]},"2":{"loc":{"start":{"line":13,"column":28},"end":{"line":13,"column":31}},"type":"cond-expr","locations":[{"start":{"line":13,"column":28},"end":{"line":13,"column":31}},{"start":{"line":13,"column":34},"end":{"line":13,"column":36}}]},"3":{"loc":{"start":{"line":17,"column":2},"end":{"line":19,"column":null}},"type":"if","locations":[{"start":{"line":17,"column":2},"end":{"line":19,"column":null}},{"start":{"line":17,"column":2},"end":{"line":19,"column":null}}]},"4":{"loc":{"start":{"line":20,"column":2},"end":{"line":22,"column":null}},"type":"if","locations":[{"start":{"line":20,"column":2},"end":{"line":22,"column":null}},{"start":{"line":20,"column":2},"end":{"line":22,"column":null}}]},"5":{"loc":{"start":{"line":28,"column":39},"end":{"line":28,"column":63}},"type":"if","locations":[{"start":{"line":28,"column":39},"end":{"line":28,"column":63}},{"start":{"line":28,"column":39},"end":{"line":28,"column":63}}]},"6":{"loc":{"start":{"line":31,"column":53},"end":{"line":31,"column":74}},"type":"binary-expr","locations":[{"start":{"line":31,"column":53},"end":{"line":31,"column":74}},{"start":{"line":31,"column":78},"end":{"line":31,"column":87}}]},"7":{"loc":{"start":{"line":33,"column":2},"end":{"line":33,"column":13}},"type":"binary-expr","locations":[{"start":{"line":33,"column":2},"end":{"line":33,"column":13}},{"start":{"line":33,"column":18},"end":{"line":33,"column":29}},{"start":{"line":33,"column":33},"end":{"line":33,"column":41}},{"start":{"line":33,"column":45},"end":{"line":33,"column":77}}]},"8":{"loc":{"start":{"line":49,"column":55},"end":{"line":49,"column":66}},"type":"binary-expr","locations":[{"start":{"line":49,"column":55},"end":{"line":49,"column":66}},{"start":{"line":49,"column":70},"end":{"line":49,"column":91}}]},"9":{"loc":{"start":{"line":50,"column":52},"end":{"line":50,"column":65}},"type":"binary-expr","locations":[{"start":{"line":50,"column":52},"end":{"line":50,"column":65}},{"start":{"line":50,"column":69},"end":{"line":50,"column":91}}]},"10":{"loc":{"start":{"line":53,"column":52},"end":{"line":53,"column":64}},"type":"binary-expr","locations":[{"start":{"line":53,"column":52},"end":{"line":53,"column":64}},{"start":{"line":53,"column":68},"end":{"line":53,"column":92}}]},"11":{"loc":{"start":{"line":58,"column":49},"end":{"line":58,"column":61}},"type":"binary-expr","locations":[{"start":{"line":58,"column":49},"end":{"line":58,"column":61}},{"start":{"line":58,"column":65},"end":{"line":58,"column":86}}]},"12":{"loc":{"start":{"line":61,"column":2},"end":{"line":61,"column":17}},"type":"binary-expr","locations":[{"start":{"line":61,"column":2},"end":{"line":61,"column":17}},{"start":{"line":61,"column":21},"end":{"line":61,"column":33}},{"start":{"line":61,"column":37},"end":{"line":61,"column":49}}]}},"s":{"0":3,"1":467,"2":459,"3":459,"4":1,"5":458,"6":458,"7":38,"8":38,"9":458,"10":458,"11":345,"12":113,"13":1,"14":113,"15":3,"16":3,"17":556,"18":451,"19":3,"20":3,"21":890,"22":3,"23":3,"24":382,"25":3,"26":3,"27":382,"28":3,"29":3,"30":18,"31":3,"32":3,"33":13,"34":3,"35":3,"36":16,"37":3,"38":3,"39":20,"40":3,"41":3,"42":0,"43":3,"44":3,"45":3,"46":3,"47":261,"48":3,"49":3,"50":94,"51":3,"52":3,"53":3,"54":188,"55":3,"56":3,"57":3,"58":243,"59":3,"60":3,"61":228,"62":3,"63":3,"64":0,"65":3,"66":3,"67":16,"68":3},"f":{"0":459,"1":38,"2":451,"3":890,"4":382,"5":382,"6":18,"7":13,"8":16,"9":20,"10":0,"11":261,"12":94,"13":188,"14":243,"15":228,"16":0,"17":16},"b":{"0":[8,451],"1":[1,458],"2":[33,5],"3":[345,113],"4":[1,112],"5":[105,346],"6":[382,35],"7":[382,347,347,346],"8":[261,231],"9":[94,94],"10":[188,148],"11":[0,0],"12":[16,16,16]}}
,"/Users/hub/Developer/exp-calc/src/parser.ts": {"path":"/Users/hub/Developer/exp-calc/src/parser.ts","statementMap":{"0":{"start":{"line":1,"column":0},"end":{"line":1,"column":100}},"1":{"start":{"line":3,"column":18},"end":{"line":12,"column":1}},"2":{"start":{"line":4,"column":2},"end":{"line":11,"column":null}},"3":{"start":{"line":10,"column":21},"end":{"line":10,"column":30}},"4":{"start":{"line":14,"column":17},"end":{"line":25,"column":1}},"5":{"start":{"line":15,"column":16},"end":{"line":23,"column":7}},"6":{"start":{"line":16,"column":4},"end":{"line":16,"column":null}},"7":{"start":{"line":16,"column":19},"end":{"line":16,"column":null}},"8":{"start":{"line":17,"column":4},"end":{"line":17,"column":null}},"9":{"start":{"line":17,"column":21},"end":{"line":17,"column":null}},"10":{"start":{"line":18,"column":4},"end":{"line":18,"column":null}},"11":{"start":{"line":18,"column":28},"end":{"line":18,"column":null}},"12":{"start":{"line":19,"column":4},"end":{"line":19,"column":null}},"13":{"start":{"line":19,"column":26},"end":{"line":19,"column":null}},"14":{"start":{"line":20,"column":4},"end":{"line":20,"column":null}},"15":{"start":{"line":20,"column":24},"end":{"line":20,"column":null}},"16":{"start":{"line":22,"column":4},"end":{"line":22,"column":null}},"17":{"start":{"line":24,"column":2},"end":{"line":24,"column":null}},"18":{"start":{"line":27,"column":15},"end":{"line":37,"column":1}},"19":{"start":{"line":28,"column":2},"end":{"line":28,"column":null}},"20":{"start":{"line":28,"column":25},"end":{"line":28,"column":null}},"21":{"start":{"line":30,"column":17},"end":{"line":30,"column":31}},"22":{"start":{"line":31,"column":2},"end":{"line":34,"column":null}},"23":{"start":{"line":32,"column":16},"end":{"line":32,"column":69}},"24":{"start":{"line":33,"column":4},"end":{"line":33,"column":null}},"25":{"start":{"line":36,"column":2},"end":{"line":36,"column":null}},"26":{"start":{"line":39,"column":0},"end":{"line":39,"column":null}}},"fnMap":{"0":{"name":"(anonymous_0)","decl":{"start":{"line":3,"column":18},"end":{"line":3,"column":19}},"loc":{"start":{"line":3,"column":30},"end":{"line":12,"column":1}}},"1":{"name":"(anonymous_1)","decl":{"start":{"line":10,"column":14},"end":{"line":10,"column":15}},"loc":{"start":{"line":10,"column":16},"end":{"line":10,"column":22}}},"2":{"name":"(anonymous_2)","decl":{"start":{"line":14,"column":17},"end":{"line":14,"column":18}},"loc":{"start":{"line":14,"column":34},"end":{"line":25,"column":1}}},"3":{"name":"(anonymous_3)","decl":{"start":{"line":15,"column":30},"end":{"line":15,"column":31}},"loc":{"start":{"line":15,"column":38},"end":{"line":23,"column":3}}},"4":{"name":"(anonymous_4)","decl":{"start":{"line":27,"column":15},"end":{"line":27,"column":16}},"loc":{"start":{"line":27,"column":27},"end":{"line":37,"column":1}}}},"branchMap":{"0":{"loc":{"start":{"line":16,"column":4},"end":{"line":16,"column":null}},"type":"if","locations":[{"start":{"line":16,"column":4},"end":{"line":16,"column":null}},{"start":{"line":16,"column":4},"end":{"line":16,"column":null}}]},"1":{"loc":{"start":{"line":17,"column":4},"end":{"line":17,"column":null}},"type":"if","locations":[{"start":{"line":17,"column":4},"end":{"line":17,"column":null}},{"start":{"line":17,"column":4},"end":{"line":17,"column":null}}]},"2":{"loc":{"start":{"line":18,"column":4},"end":{"line":18,"column":null}},"type":"if","locations":[{"start":{"line":18,"column":4},"end":{"line":18,"column":null}},{"start":{"line":18,"column":4},"end":{"line":18,"column":null}}]},"3":{"loc":{"start":{"line":19,"column":4},"end":{"line":19,"column":null}},"type":"if","locations":[{"start":{"line":19,"column":4},"end":{"line":19,"column":null}},{"start":{"line":19,"column":4},"end":{"line":19,"column":null}}]},"4":{"loc":{"start":{"line":20,"column":4},"end":{"line":20,"column":null}},"type":"if","locations":[{"start":{"line":20,"column":4},"end":{"line":20,"column":null}},{"start":{"line":20,"column":4},"end":{"line":20,"column":null}}]},"5":{"loc":{"start":{"line":28,"column":2},"end":{"line":28,"column":null}},"type":"if","locations":[{"start":{"line":28,"column":2},"end":{"line":28,"column":null}},{"start":{"line":28,"column":2},"end":{"line":28,"column":null}}]},"6":{"loc":{"start":{"line":31,"column":2},"end":{"line":34,"column":null}},"type":"if","locations":[{"start":{"line":31,"column":2},"end":{"line":34,"column":null}},{"start":{"line":31,"column":2},"end":{"line":34,"column":null}}]}},"s":{"0":2,"1":2,"2":55,"3":248,"4":2,"5":55,"6":238,"7":0,"8":238,"9":134,"10":104,"11":10,"12":94,"13":10,"14":84,"15":82,"16":2,"17":53,"18":2,"19":63,"20":8,"21":55,"22":55,"23":3,"24":3,"25":50,"26":2},"f":{"0":55,"1":248,"2":55,"3":238,"4":63},"b":{"0":[0,238],"1":[134,104],"2":[10,94],"3":[10,84],"4":[82,2],"5":[8,55],"6":[3,50]}}
}
