TN:
SF:src/exp-calc.ts
FN:8,(anonymous_1)
FN:35,(anonymous_2)
FN:42,(anonymous_3)
FNF:3
FNH:3
FNDA:31,(anonymous_1)
FNDA:42,(anonymous_2)
FNDA:86,(anonymous_3)
DA:1,1
DA:2,1
DA:3,1
DA:8,60
DA:9,31
DA:10,3
DA:11,2
DA:13,1
DA:16,28
DA:17,28
DA:18,28
DA:20,28
DA:21,139
DA:22,139
DA:23,139
DA:25,139
DA:26,5
DA:27,134
DA:28,5
DA:29,5
DA:30,5
DA:31,5
DA:32,5
DA:33,5
DA:34,129
DA:35,42
DA:36,14
DA:37,14
DA:39,139
DA:42,86
DA:45,1
LF:31
LH:31
BRDA:8,0,0,29
BRDA:8,0,1,2
BRDA:9,1,0,3
BRDA:9,1,1,28
BRDA:10,2,0,2
BRDA:10,2,1,1
BRDA:23,3,0,139
BRDA:23,3,1,16
BRDA:25,4,0,5
BRDA:25,4,1,134
BRDA:27,5,0,5
BRDA:27,5,1,129
BRDA:34,6,0,14
BRDA:34,6,1,115
BRF:14
BRH:14
end_of_record
TN:
SF:src/formula.ts
FN:3,(anonymous_0)
FN:8,Formula
FN:11,(anonymous_2)
FN:38,(anonymous_3)
FN:41,(anonymous_4)
FNF:5
FNH:5
FNDA:2,(anonymous_0)
FNDA:48,Formula
FNDA:161,(anonymous_2)
FNDA:1,(anonymous_3)
FNDA:1,(anonymous_4)
DA:1,2
DA:3,2
DA:4,48
DA:5,48
DA:7,48
DA:8,54
DA:9,48
DA:11,2
DA:12,161
DA:15,161
DA:16,52
DA:17,52
DA:20,109
DA:21,103
DA:22,54
DA:23,54
DA:25,49
DA:26,49
DA:27,49
DA:28,49
DA:29,49
DA:30,49
DA:32,103
DA:34,6
DA:36,52
DA:38,2
DA:39,1
DA:41,2
DA:42,1
DA:44,2
LF:30
LH:30
BRDA:8,0,0,6
BRDA:8,0,1,42
BRDA:15,1,0,52
BRDA:15,1,1,109
BRDA:20,2,0,103
BRDA:20,2,1,6
BRDA:21,3,0,54
BRDA:21,3,1,49
BRDA:27,4,0,18
BRDA:27,4,1,31
BRF:10
BRH:10
end_of_record
TN:
SF:src/helper.ts
FN:6,(anonymous_0)
FN:11,(anonymous_1)
FN:28,(anonymous_2)
FN:30,(anonymous_3)
FN:31,(anonymous_4)
FN:32,(anonymous_5)
FN:34,(anonymous_6)
FN:35,(anonymous_7)
FN:36,(anonymous_8)
FN:37,(anonymous_9)
FN:38,(anonymous_10)
FN:49,(anonymous_11)
FN:50,(anonymous_12)
FN:53,(anonymous_13)
FN:56,(anonymous_14)
FN:57,(anonymous_15)
FN:58,(anonymous_16)
FN:60,(anonymous_17)
FNF:18
FNH:16
FNDA:459,(anonymous_0)
FNDA:38,(anonymous_1)
FNDA:451,(anonymous_2)
FNDA:890,(anonymous_3)
FNDA:382,(anonymous_4)
FNDA:382,(anonymous_5)
FNDA:18,(anonymous_6)
FNDA:13,(anonymous_7)
FNDA:16,(anonymous_8)
FNDA:20,(anonymous_9)
FNDA:0,(anonymous_10)
FNDA:261,(anonymous_11)
FNDA:94,(anonymous_12)
FNDA:188,(anonymous_13)
FNDA:243,(anonymous_14)
FNDA:228,(anonymous_15)
FNDA:0,(anonymous_16)
FNDA:16,(anonymous_17)
DA:6,467
DA:7,459
DA:8,459
DA:10,458
DA:11,458
DA:12,38
DA:13,38
DA:15,458
DA:17,458
DA:18,345
DA:20,113
DA:21,1
DA:23,113
DA:28,556
DA:30,890
DA:31,382
DA:32,3
DA:33,382
DA:34,18
DA:35,13
DA:36,16
DA:37,20
DA:38,3
DA:40,3
DA:48,3
DA:49,261
DA:50,94
DA:52,3
DA:53,188
DA:55,3
DA:56,243
DA:57,228
DA:58,3
DA:60,3
DA:61,16
LF:35
LH:35
BRDA:6,0,0,8
BRDA:6,0,1,451
BRDA:8,1,0,1
BRDA:8,1,1,458
BRDA:13,2,0,33
BRDA:13,2,1,5
BRDA:17,3,0,345
BRDA:17,3,1,113
BRDA:20,4,0,1
BRDA:20,4,1,112
BRDA:28,5,0,105
BRDA:28,5,1,346
BRDA:31,6,0,382
BRDA:31,6,1,35
BRDA:33,7,0,382
BRDA:33,7,1,347
BRDA:33,7,2,347
BRDA:33,7,3,346
BRDA:49,8,0,261
BRDA:49,8,1,231
BRDA:50,9,0,94
BRDA:50,9,1,94
BRDA:53,10,0,188
BRDA:53,10,1,148
BRDA:58,11,0,0
BRDA:58,11,1,0
BRDA:61,12,0,16
BRDA:61,12,1,16
BRDA:61,12,2,16
BRF:29
BRH:27
end_of_record
TN:
SF:src/parser.ts
FN:3,(anonymous_0)
FN:10,(anonymous_1)
FN:14,(anonymous_2)
FN:15,(anonymous_3)
FN:27,(anonymous_4)
FNF:5
FNH:5
FNDA:55,(anonymous_0)
FNDA:248,(anonymous_1)
FNDA:55,(anonymous_2)
FNDA:238,(anonymous_3)
FNDA:63,(anonymous_4)
DA:1,2
DA:3,2
DA:4,55
DA:10,248
DA:14,2
DA:15,55
DA:16,238
DA:17,238
DA:18,104
DA:19,94
DA:20,84
DA:22,2
DA:24,53
DA:27,2
DA:28,63
DA:30,55
DA:31,55
DA:32,3
DA:33,3
DA:36,50
DA:39,2
LF:21
LH:21
BRDA:16,0,0,0
BRDA:16,0,1,238
BRDA:17,1,0,134
BRDA:17,1,1,104
BRDA:18,2,0,10
BRDA:18,2,1,94
BRDA:19,3,0,10
BRDA:19,3,1,84
BRDA:20,4,0,82
BRDA:20,4,1,2
BRDA:28,5,0,8
BRDA:28,5,1,55
BRDA:31,6,0,3
BRDA:31,6,1,50
BRF:14
BRH:13
end_of_record
